2022-02-21 09:25:27,293 DEBUG [main] cmn.LoggerManager (CheckedExceptionMain.java:9)     - =================
2022-02-21 09:29:37,137 DEBUG [main] cmn.LoggerManager (CheckedExceptionMain.java:12)     - =================
2022-02-21 09:31:54,445 DEBUG [main] cmn.LoggerManager (CheckedExceptionMain.java:12)     - =================
2022-02-21 09:31:54,447 DEBUG [main] cmn.LoggerManager (CheckedExceptionMain.java:23)     - getMessage: a.txt (지정된 파일을 찾을 수 없습니다)
2022-02-21 09:41:36,112 DEBUG [main] cmn.LoggerManager (CheckedExceptionMain.java:12)     - =================
2022-02-21 10:06:30,567 DEBUG [main] cmn.LoggerManager (TryCatchFinallyMain.java:39)     - 1
2022-02-21 10:06:30,571 DEBUG [main] cmn.LoggerManager (TryCatchFinallyMain.java:44)     - 2. FileNotFoundException: a.txt (지정된 파일을 찾을 수 없습니다)
2022-02-21 10:07:05,511 DEBUG [main] cmn.LoggerManager (TryCatchFinallyMain.java:39)     - 1
2022-02-21 10:07:05,513 DEBUG [main] cmn.LoggerManager (TryCatchFinallyMain.java:44)     - 2. FileNotFoundException: a.txt (지정된 파일을 찾을 수 없습니다)
2022-02-21 10:07:05,513 DEBUG [main] cmn.LoggerManager (TryCatchFinallyMain.java:46)     - 3. finally 무조건 수행!
2022-02-21 10:08:09,228 DEBUG [main] cmn.LoggerManager (TryCatchFinallyMain.java:39)     - 1
2022-02-21 10:08:09,233 DEBUG [main] cmn.LoggerManager (TryCatchFinallyMain.java:42)     - 1-1
2022-02-21 10:08:09,233 DEBUG [main] cmn.LoggerManager (TryCatchFinallyMain.java:47)     - 3. finally 무조건 수행!
2022-02-21 10:08:09,233 DEBUG [main] cmn.LoggerManager (TryCatchFinallyMain.java:55)     - 프로그램 종료!
2022-02-21 10:08:44,600 DEBUG [main] cmn.LoggerManager (TryCatchFinallyMain.java:39)     - 1
2022-02-21 10:08:44,605 DEBUG [main] cmn.LoggerManager (TryCatchFinallyMain.java:42)     - 1-1
2022-02-21 10:08:44,605 DEBUG [main] cmn.LoggerManager (TryCatchFinallyMain.java:53)     - 3. finally 무조건 수행!
2022-02-21 10:08:44,605 DEBUG [main] cmn.LoggerManager (TryCatchFinallyMain.java:55)     - 프로그램 종료!
2022-02-21 10:08:51,233 DEBUG [main] cmn.LoggerManager (TryCatchFinallyMain.java:39)     - 1
2022-02-21 10:08:51,243 DEBUG [main] cmn.LoggerManager (TryCatchFinallyMain.java:42)     - 1-1
2022-02-21 10:08:51,243 DEBUG [main] cmn.LoggerManager (TryCatchFinallyMain.java:47)     - 3. finally 무조건 수행!
2022-02-21 10:08:51,244 DEBUG [main] cmn.LoggerManager (TryCatchFinallyMain.java:55)     - 프로그램 종료!
2022-02-21 10:19:03,983 DEBUG [main] cmn.LoggerManager (MultiBlockExceptionMain.java:25)     - 1
2022-02-21 10:19:03,986 DEBUG [main] cmn.LoggerManager (MultiBlockExceptionMain.java:26)     - 2
2022-02-21 10:19:03,986 DEBUG [main] cmn.LoggerManager (MultiBlockExceptionMain.java:29)     - 3
2022-02-21 10:19:03,986 DEBUG [main] cmn.LoggerManager (MultiBlockExceptionMain.java:34)     - 5 ArithmeticException
2022-02-21 10:19:03,986 DEBUG [main] cmn.LoggerManager (MultiBlockExceptionMain.java:40)     - 7 Exception
2022-02-21 10:19:03,986 DEBUG [main] cmn.LoggerManager (MultiBlockExceptionMain.java:43)     - 8 종료
2022-02-21 10:21:47,623 DEBUG [main] cmn.LoggerManager (MultiBlockExceptionMain.java:25)     - 1
2022-02-21 10:21:47,624 DEBUG [main] cmn.LoggerManager (MultiBlockExceptionMain.java:26)     - 2
2022-02-21 10:21:47,624 DEBUG [main] cmn.LoggerManager (MultiBlockExceptionMain.java:31)     - 3
2022-02-21 10:21:47,625 DEBUG [main] cmn.LoggerManager (MultiBlockExceptionMain.java:38)     - 5-1 ArithmeticException
2022-02-21 10:21:47,625 DEBUG [main] cmn.LoggerManager (MultiBlockExceptionMain.java:42)     - 7 Exception
2022-02-21 10:21:47,625 DEBUG [main] cmn.LoggerManager (MultiBlockExceptionMain.java:45)     - 8 종료
2022-02-21 10:24:05,421 DEBUG [main] cmn.LoggerManager (MultiBlockExceptionMain02.java:25)     - 1
2022-02-21 10:24:05,422 DEBUG [main] cmn.LoggerManager (MultiBlockExceptionMain02.java:26)     - 2
2022-02-21 10:24:05,422 DEBUG [main] cmn.LoggerManager (MultiBlockExceptionMain02.java:31)     - 3
2022-02-21 10:24:05,422 DEBUG [main] cmn.LoggerManager (MultiBlockExceptionMain02.java:36)     - 5 4
2022-02-21 10:24:05,423 DEBUG [main] cmn.LoggerManager (MultiBlockExceptionMain02.java:40)     - 7 Exception
2022-02-21 10:24:05,423 DEBUG [main] cmn.LoggerManager (MultiBlockExceptionMain02.java:43)     - 8 종료
2022-02-21 10:26:01,909 DEBUG [main] cmn.LoggerManager (MultiBlockExceptionMain02.java:25)     - 1
2022-02-21 10:26:01,910 DEBUG [main] cmn.LoggerManager (MultiBlockExceptionMain02.java:26)     - 2
2022-02-21 10:26:01,910 DEBUG [main] cmn.LoggerManager (MultiBlockExceptionMain02.java:31)     - 3
2022-02-21 10:26:01,910 DEBUG [main] cmn.LoggerManager (MultiBlockExceptionMain02.java:40)     - 5.ArrayIndexOutOfBoundsException: 4
2022-02-21 10:26:01,910 DEBUG [main] cmn.LoggerManager (MultiBlockExceptionMain02.java:47)     - 7 Exception
2022-02-21 10:26:01,910 DEBUG [main] cmn.LoggerManager (MultiBlockExceptionMain02.java:50)     - 8 종료
2022-02-21 10:33:29,990 DEBUG [main] cmn.LoggerManager (MultiBlockExceptionMain02.java:25)     - 1
2022-02-21 10:33:29,991 DEBUG [main] cmn.LoggerManager (MultiBlockExceptionMain02.java:26)     - 2
2022-02-21 10:33:29,991 DEBUG [main] cmn.LoggerManager (MultiBlockExceptionMain02.java:31)     - 3
2022-02-21 10:33:29,991 DEBUG [main] cmn.LoggerManager (MultiBlockExceptionMain02.java:41)     - 5.ArrayIndexOutOfBoundsException: 4
2022-02-21 10:33:29,991 DEBUG [main] cmn.LoggerManager (MultiBlockExceptionMain02.java:48)     - 7 Exception
2022-02-21 10:33:29,992 DEBUG [main] cmn.LoggerManager (MultiBlockExceptionMain02.java:51)     - 8 종료
2022-02-21 11:09:19,583 DEBUG [main] cmn.LoggerManager (ThrowMain.java:31)     - 1
2022-02-21 11:09:19,584 DEBUG [main] cmn.LoggerManager (ThrowMain.java:38)     - 3 예외 발생!
2022-02-21 11:09:19,584 DEBUG [main] cmn.LoggerManager (ThrowMain.java:39)     - 3.1 Exception: 예외 발생 시키기(고의)
2022-02-21 11:09:19,584 DEBUG [main] cmn.LoggerManager (ThrowMain.java:42)     - 프로그램 종료
2022-02-21 11:20:25,213 DEBUG [main] cmn.LoggerManager (ThrowsMain.java:27)     - methodA()
2022-02-21 11:20:41,807 DEBUG [main] cmn.LoggerManager (ThrowsMain.java:27)     - methodA()
2022-02-21 11:23:38,037 DEBUG [main] cmn.LoggerManager (ThrowsMain02.java:27)     - methodA()
2022-02-21 11:23:38,039 DEBUG [main] cmn.LoggerManager (ThrowsMain02.java:36)     - main() 예외처리
2022-02-21 11:23:38,039 DEBUG [main] cmn.LoggerManager (ThrowsMain02.java:37)     - 메서드A 예외 발생!
2022-02-21 11:44:46,294 DEBUG [main] cmn.LoggerManager (UserExceptionMain.java:25)     - ticketing(): -9
2022-02-21 11:44:46,296 DEBUG [main] cmn.LoggerManager (UserExceptionMain.java:35)     - main AgeException
2022-02-21 11:44:46,296 DEBUG [main] cmn.LoggerManager (UserExceptionMain.java:36)     - getMessage: 나이를 확인 하세요.
나이는 >0
2022-02-21 11:47:40,481 DEBUG [main] cmn.LoggerManager (UserExceptionMain.java:25)     - ticketing(): -9
2022-02-21 11:48:03,877 DEBUG [main] cmn.LoggerManager (UserExceptionMain.java:35)     - main AgeException
2022-02-21 11:48:16,814 DEBUG [main] cmn.LoggerManager (UserExceptionMain.java:36)     - getMessage: 나이를 확인 하세요.
나이는 >0
2022-02-21 12:14:31,786 DEBUG [main] cmn.LoggerManager (IDFormatExceptionMain.java:52)     - IDFormatException : 아이디는 8자 이상 20자 이하로 사용하세요.
2022-02-21 12:14:31,788 DEBUG [main] cmn.LoggerManager (IDFormatExceptionMain.java:55)     - 프로그램 종료
2022-02-21 12:35:58,088 DEBUG [main] cmn.LoggerManager (Date01Main.java:27)     - 시작시간: 1645414558026
2022-02-21 12:38:48,053 DEBUG [main] cmn.LoggerManager (Date01Main.java:27)     - 시작시간: 1645414727991
2022-02-21 12:38:48,057 DEBUG [main] cmn.LoggerManager (Date01Main.java:34)     - 종료시간: 1645414728057
2022-02-21 12:38:53,193 DEBUG [main] cmn.LoggerManager (Date01Main.java:27)     - 시작시간: 1645414733141
2022-02-21 12:38:53,197 DEBUG [main] cmn.LoggerManager (Date01Main.java:34)     - 종료시간: 1645414733197
2022-02-21 12:39:25,137 DEBUG [main] cmn.LoggerManager (Date01Main.java:27)     - 시작시간: 1645414765073
2022-02-21 12:39:25,148 DEBUG [main] cmn.LoggerManager (Date01Main.java:36)     - 종료시간: 1645414765147
2022-02-21 12:39:28,831 DEBUG [main] cmn.LoggerManager (Date01Main.java:27)     - 시작시간: 1645414768778
2022-02-21 12:39:28,839 DEBUG [main] cmn.LoggerManager (Date01Main.java:36)     - 종료시간: 1645414768838
2022-02-21 12:39:30,487 DEBUG [main] cmn.LoggerManager (Date01Main.java:27)     - 시작시간: 1645414770433
2022-02-21 12:39:30,494 DEBUG [main] cmn.LoggerManager (Date01Main.java:36)     - 종료시간: 1645414770494
2022-02-21 12:39:34,350 DEBUG [main] cmn.LoggerManager (Date01Main.java:27)     - 시작시간: 1645414774297
2022-02-21 12:39:34,355 DEBUG [main] cmn.LoggerManager (Date01Main.java:36)     - 종료시간: 1645414774355
2022-02-21 12:39:54,839 DEBUG [main] cmn.LoggerManager (Date01Main.java:27)     - 시작시간: 1645414794787
2022-02-21 12:39:54,846 DEBUG [main] cmn.LoggerManager (Date01Main.java:36)     - 종료시간: 1645414794846
2022-02-21 12:39:54,846 DEBUG [main] cmn.LoggerManager (Date01Main.java:37)     - 경과시간: 59ms
2022-02-21 23:05:38,444 DEBUG [main] cmn.LoggerManager (IDFormatExceptionMain.java:52)     - IDFormatException : 아이디는 8자 이상 20자 이하로 사용하세요.
2022-02-21 23:05:38,447 DEBUG [main] cmn.LoggerManager (IDFormatExceptionMain.java:55)     - 프로그램 종료
2022-02-21 23:05:51,467 DEBUG [main] cmn.LoggerManager (Date01Main.java:27)     - 시작시간: 1645452351290
2022-02-21 23:05:51,494 DEBUG [main] cmn.LoggerManager (Date01Main.java:36)     - 종료시간: 1645452351494
2022-02-21 23:05:51,494 DEBUG [main] cmn.LoggerManager (Date01Main.java:37)     - 경과시간: 204ms
2022-02-21 23:05:55,579 DEBUG [main] cmn.LoggerManager (Date01Main.java:27)     - 시작시간: 1645452355401
2022-02-21 23:05:55,618 DEBUG [main] cmn.LoggerManager (Date01Main.java:36)     - 종료시간: 1645452355618
2022-02-21 23:05:55,618 DEBUG [main] cmn.LoggerManager (Date01Main.java:37)     - 경과시간: 217ms
2022-02-21 23:05:58,275 DEBUG [main] cmn.LoggerManager (Date01Main.java:27)     - 시작시간: 1645452358107
2022-02-21 23:05:58,302 DEBUG [main] cmn.LoggerManager (Date01Main.java:36)     - 종료시간: 1645452358302
2022-02-21 23:05:58,302 DEBUG [main] cmn.LoggerManager (Date01Main.java:37)     - 경과시간: 195ms
2022-02-21 23:05:59,671 DEBUG [main] cmn.LoggerManager (Date01Main.java:27)     - 시작시간: 1645452359493
2022-02-21 23:05:59,701 DEBUG [main] cmn.LoggerManager (Date01Main.java:36)     - 종료시간: 1645452359701
2022-02-21 23:05:59,701 DEBUG [main] cmn.LoggerManager (Date01Main.java:37)     - 경과시간: 208ms
2022-02-21 23:06:00,648 DEBUG [main] cmn.LoggerManager (Date01Main.java:27)     - 시작시간: 1645452360476
2022-02-21 23:06:00,686 DEBUG [main] cmn.LoggerManager (Date01Main.java:36)     - 종료시간: 1645452360686
2022-02-21 23:06:00,686 DEBUG [main] cmn.LoggerManager (Date01Main.java:37)     - 경과시간: 210ms
2022-02-21 23:06:01,707 DEBUG [main] cmn.LoggerManager (Date01Main.java:27)     - 시작시간: 1645452361534
2022-02-21 23:06:01,750 DEBUG [main] cmn.LoggerManager (Date01Main.java:36)     - 종료시간: 1645452361750
2022-02-21 23:06:01,750 DEBUG [main] cmn.LoggerManager (Date01Main.java:37)     - 경과시간: 216ms
2022-02-21 23:06:02,504 DEBUG [main] cmn.LoggerManager (Date01Main.java:27)     - 시작시간: 1645452362328
2022-02-21 23:06:02,542 DEBUG [main] cmn.LoggerManager (Date01Main.java:36)     - 종료시간: 1645452362542
2022-02-21 23:06:02,542 DEBUG [main] cmn.LoggerManager (Date01Main.java:37)     - 경과시간: 214ms
2022-02-21 23:06:03,195 DEBUG [main] cmn.LoggerManager (Date01Main.java:27)     - 시작시간: 1645452363015
2022-02-21 23:06:03,225 DEBUG [main] cmn.LoggerManager (Date01Main.java:36)     - 종료시간: 1645452363225
2022-02-21 23:06:03,225 DEBUG [main] cmn.LoggerManager (Date01Main.java:37)     - 경과시간: 210ms
2022-02-21 23:15:11,029 DEBUG [main] cmn.LoggerManager (Date01Main.java:27)     - 시작시간: 1645452910855
2022-02-21 23:15:11,056 DEBUG [main] cmn.LoggerManager (Date01Main.java:36)     - 종료시간: 1645452911056
2022-02-21 23:15:11,056 DEBUG [main] cmn.LoggerManager (Date01Main.java:37)     - 경과시간: 201ms
2022-02-21 23:15:14,144 DEBUG [main] cmn.LoggerManager (Date01Main.java:27)     - 시작시간: 1645452913968
2022-02-21 23:15:14,190 DEBUG [main] cmn.LoggerManager (Date01Main.java:36)     - 종료시간: 1645452914190
2022-02-21 23:15:14,190 DEBUG [main] cmn.LoggerManager (Date01Main.java:37)     - 경과시간: 222ms
